2025-03-17 15:55:45,634 - INFO - 照片缓存管理器启动
2025-03-17 15:55:45,634 - INFO - 单次运行模式
2025-03-17 15:55:45,862 - INFO - 生成缩略图: E3F1C4C4-E5AD-41D8-82A3-0C01F3394594_800x800.jpeg
2025-03-17 15:55:45,871 - INFO - 生成缩略图: B9E8DB0C-C729-46AF-BCA3-698147B49516_1_105_c_800x800.jpeg
2025-03-17 15:55:45,880 - INFO - 生成缩略图: F9630679-A11B-4961-9120-E4A28486ACC8_1_105_c_800x800.jpeg
2025-03-17 15:55:45,887 - INFO - 生成缩略图: 723BA5A0-94D5-428B-ACD5-88B233E34078_1_105_c_800x800.jpeg
2025-03-17 15:55:45,897 - INFO - 生成缩略图: DAA717E2-5203-420A-B30B-87DBED1F5167_1_105_c_800x800.jpeg
2025-03-17 15:55:45,921 - INFO - 生成缩略图: 84CF2A25-4AAF-431A-AA67-ED8C8744C5C9_1_102_o_800x800.jpeg
2025-03-17 15:55:46,069 - INFO - 生成缩略图: 87670CEB-1DAF-4155-8359-99E083710D29_1_201_a_800x800.jpeg
2025-03-17 15:55:46,079 - INFO - 生成缩略图: 084B3F21-B5B5-4D67-A1B1-5B8EF32049F5_1_105_c_800x800.jpeg
2025-03-17 15:55:46,238 - INFO - 生成缩略图: 6CD2AECB-8A4F-4C5A-B4CE-8874728D044A_800x800.jpeg
2025-03-17 15:55:46,247 - INFO - 生成缩略图: F693DB2E-BD23-4E40-8D25-95DB90BC8962_1_105_c_800x800.jpeg
2025-03-17 15:55:46,407 - INFO - 生成缩略图: 655303B3-F730-4E41-9435-9015FC8DE598_800x800.jpeg
2025-03-17 15:55:46,416 - INFO - 生成缩略图: 81D5936A-3F54-4303-A31E-D0C2C7DAD187_1_105_c_800x800.jpeg
2025-03-17 15:55:46,629 - INFO - 生成缩略图: B23EBFB3-0D70-4F88-B166-80B48162A924_800x800.jpeg
2025-03-17 15:55:46,639 - INFO - 生成缩略图: 4E1332FC-867D-4F61-88CC-1428CF887B87_1_105_c_800x800.jpeg
2025-03-17 15:55:46,648 - INFO - 生成缩略图: C3FE1F6C-C0CF-43C7-ABF7-2669E77A558A_1_105_c_800x800.jpeg
2025-03-17 15:55:46,658 - INFO - 生成缩略图: B2957CD8-2831-47C7-A8D7-716E318FAAB5_1_105_c_800x800.jpeg
2025-03-17 15:55:46,667 - INFO - 生成缩略图: D89C4319-8E36-47FC-B157-A5368472E517_1_105_c_800x800.jpeg
2025-03-17 15:55:46,678 - INFO - 生成缩略图: A03C9CF2-C5F1-45C1-8D79-88AE1A8E39E8_1_105_c_800x800.jpeg
2025-03-17 15:55:46,866 - INFO - 生成缩略图: 5AE89CAA-22FA-42E0-B140-D65FC9B0CA30_800x800.png
2025-03-17 15:55:46,990 - INFO - 生成缩略图: DE61D9F0-2244-4DCF-8A44-14AB2BFF332D_800x800.jpeg
2025-03-17 15:55:46,999 - INFO - 生成缩略图: 8C2FE5D8-D84E-420E-9C45-C93DED7E4E13_1_105_c_800x800.jpeg
2025-03-17 15:55:47,190 - INFO - 生成缩略图: 19FB638A-0838-4A4C-B063-343E312A4A77_800x800.jpeg
2025-03-17 15:55:47,199 - INFO - 生成缩略图: E4397C94-7E6D-4FE8-98FC-194029704112_1_105_c_800x800.jpeg
2025-03-17 15:55:47,371 - INFO - 生成缩略图: C964B439-5288-4FB1-9043-99C56E6180BD_800x800.jpeg
2025-03-17 15:55:47,474 - INFO - 生成缩略图: D6EFA90E-3E83-46AF-9B41-443A7CD4E488_800x800.png
2025-03-17 15:55:47,539 - INFO - 生成缩略图: D509368F-D6B9-4434-8EA4-F5BB12464C60_800x800.jpeg
2025-03-17 15:55:47,540 - INFO - 图片处理完成: 总计 26 张图片，处理了 26 张
2025-03-17 15:55:47,540 - INFO - 删除无用缓存: C3FE1F6C-C0CF-43C7-ABF7-2669E77A558A_1_105_c_800x800.jpeg
2025-03-17 15:55:47,540 - INFO - 删除无用缓存: 81D5936A-3F54-4303-A31E-D0C2C7DAD187_1_105_c_800x800.jpeg
2025-03-17 15:55:47,540 - INFO - 删除无用缓存: 723BA5A0-94D5-428B-ACD5-88B233E34078_1_105_c_800x800.jpeg
2025-03-17 15:55:47,540 - INFO - 删除无用缓存: F9630679-A11B-4961-9120-E4A28486ACC8_1_105_c_800x800.jpeg
2025-03-17 15:55:47,540 - INFO - 删除无用缓存: A03C9CF2-C5F1-45C1-8D79-88AE1A8E39E8_1_105_c_800x800.jpeg
2025-03-17 15:55:47,540 - INFO - 删除无用缓存: E4397C94-7E6D-4FE8-98FC-194029704112_1_105_c_800x800.jpeg
2025-03-17 15:55:47,541 - INFO - 删除无用缓存: 4E1332FC-867D-4F61-88CC-1428CF887B87_1_105_c_800x800.jpeg
2025-03-17 15:55:47,541 - INFO - 删除无用缓存: F693DB2E-BD23-4E40-8D25-95DB90BC8962_1_105_c_800x800.jpeg
2025-03-17 15:55:47,541 - INFO - 删除无用缓存: 084B3F21-B5B5-4D67-A1B1-5B8EF32049F5_1_105_c_800x800.jpeg
2025-03-17 15:55:47,541 - INFO - 删除无用缓存: DAA717E2-5203-420A-B30B-87DBED1F5167_1_105_c_800x800.jpeg
2025-03-17 15:55:47,541 - INFO - 删除无用缓存: 87670CEB-1DAF-4155-8359-99E083710D29_1_201_a_800x800.jpeg
2025-03-17 15:55:47,541 - INFO - 删除无用缓存: 84CF2A25-4AAF-431A-AA67-ED8C8744C5C9_1_102_o_800x800.jpeg
2025-03-17 15:55:47,541 - INFO - 删除无用缓存: B9E8DB0C-C729-46AF-BCA3-698147B49516_1_105_c_800x800.jpeg
2025-03-17 15:55:47,541 - INFO - 删除无用缓存: B2957CD8-2831-47C7-A8D7-716E318FAAB5_1_105_c_800x800.jpeg
2025-03-17 15:55:47,541 - INFO - 删除无用缓存: D89C4319-8E36-47FC-B157-A5368472E517_1_105_c_800x800.jpeg
2025-03-17 15:55:47,541 - INFO - 删除无用缓存: 8C2FE5D8-D84E-420E-9C45-C93DED7E4E13_1_105_c_800x800.jpeg
2025-03-17 15:55:47,541 - INFO - 照片缓存管理器已退出
2025-03-17 15:56:30,137 - INFO - 照片缓存管理器启动
2025-03-17 15:56:30,137 - INFO - 单次运行模式
2025-03-17 15:56:30,155 - INFO - 生成缩略图: B9E8DB0C-C729-46AF-BCA3-698147B49516_1_105_c_800x800.jpeg
2025-03-17 15:56:30,164 - INFO - 生成缩略图: F9630679-A11B-4961-9120-E4A28486ACC8_1_105_c_800x800.jpeg
2025-03-17 15:56:30,172 - INFO - 生成缩略图: 723BA5A0-94D5-428B-ACD5-88B233E34078_1_105_c_800x800.jpeg
2025-03-17 15:56:30,183 - INFO - 生成缩略图: DAA717E2-5203-420A-B30B-87DBED1F5167_1_105_c_800x800.jpeg
2025-03-17 15:56:30,209 - INFO - 生成缩略图: 84CF2A25-4AAF-431A-AA67-ED8C8744C5C9_1_102_o_800x800.jpeg
2025-03-17 15:56:30,357 - INFO - 生成缩略图: 87670CEB-1DAF-4155-8359-99E083710D29_1_201_a_800x800.jpeg
2025-03-17 15:56:30,367 - INFO - 生成缩略图: 084B3F21-B5B5-4D67-A1B1-5B8EF32049F5_1_105_c_800x800.jpeg
2025-03-17 15:56:30,375 - INFO - 生成缩略图: F693DB2E-BD23-4E40-8D25-95DB90BC8962_1_105_c_800x800.jpeg
2025-03-17 15:56:30,384 - INFO - 生成缩略图: 81D5936A-3F54-4303-A31E-D0C2C7DAD187_1_105_c_800x800.jpeg
2025-03-17 15:56:30,394 - INFO - 生成缩略图: 4E1332FC-867D-4F61-88CC-1428CF887B87_1_105_c_800x800.jpeg
2025-03-17 15:56:30,402 - INFO - 生成缩略图: C3FE1F6C-C0CF-43C7-ABF7-2669E77A558A_1_105_c_800x800.jpeg
2025-03-17 15:56:30,412 - INFO - 生成缩略图: B2957CD8-2831-47C7-A8D7-716E318FAAB5_1_105_c_800x800.jpeg
2025-03-17 15:56:30,421 - INFO - 生成缩略图: D89C4319-8E36-47FC-B157-A5368472E517_1_105_c_800x800.jpeg
2025-03-17 15:56:30,432 - INFO - 生成缩略图: A03C9CF2-C5F1-45C1-8D79-88AE1A8E39E8_1_105_c_800x800.jpeg
2025-03-17 15:56:30,441 - INFO - 生成缩略图: 8C2FE5D8-D84E-420E-9C45-C93DED7E4E13_1_105_c_800x800.jpeg
2025-03-17 15:56:30,450 - INFO - 生成缩略图: E4397C94-7E6D-4FE8-98FC-194029704112_1_105_c_800x800.jpeg
2025-03-17 15:56:30,450 - INFO - 图片处理完成: 总计 26 张图片，处理了 16 张
2025-03-17 15:56:30,450 - INFO - 发现 26 个原始图片文件
2025-03-17 15:56:30,451 - INFO - 未发现需要删除的缓存文件
2025-03-17 15:56:30,451 - INFO - 照片缓存管理器已退出
